<?xml version="1.0" encoding="UTF-8"?>
<!-- Generated by org.testng.reporters.JUnitXMLReporter -->
<testsuite hostname="BharatPC" ignored="0" name="TestngTest2" tests="3" failures="0" timestamp="21 Jun 2017 12:31:02 GMT" time="26.898" errors="0">
  <testcase name="verifyhomepagetitle" time="0.051" classname="testng.TestngExample4"/>
  <testcase name="register" time="1.817" classname="testng.TestngExample5"/>
  <testcase name="support" time="0.857" classname="testng.TestngExample5"/>
</testsuite> <!-- TestngTest2 -->
